CRITICAL - 2022-02-26 08:51:05 --> Invalid file: dashboard.php
#0 C:\xampp2\htdocs\bsipkl\system\View\View.php(198): CodeIgniter\Exceptions\FrameworkException::forInvalidFile('dashboard.php')
#1 C:\xampp2\htdocs\bsipkl\system\Common.php(1089): CodeIgniter\View\View->render('dashboard', Array, true)
#2 C:\xampp2\htdocs\bsipkl\app\Controllers\Page.php(61): view('dashboard', Array)
#3 C:\xampp2\htdocs\bsipkl\app\Controllers\Page.php(25): App\Controllers\Page->page('dashboard')
#4 C:\xampp2\htdocs\bsipkl\system\CodeIgniter.php(825): App\Controllers\Page->index()
#5 C:\xampp2\htdocs\bsipkl\system\CodeIgniter.php(412): CodeIgniter\CodeIgniter->runController(Object(App\Controllers\Page))
#6 C:\xampp2\htdocs\bsipkl\system\CodeIgniter.php(320): CodeIgniter\CodeIgniter->handleRequest(NULL, Object(Config\Cache), false)
#7 C:\xampp2\htdocs\bsipkl\public\index.php(37): CodeIgniter\CodeIgniter->run()
#8 C:\xampp2\htdocs\bsipkl\system\Commands\Server\rewrite.php(43): require_once('C:\\xampp2\\htdoc...')
#9 {main}
CRITICAL - 2022-02-26 09:08:21 --> Undefined variable: data
#0 C:\xampp2\htdocs\bsipkl\app\Views\templates\sidebar.php(17): CodeIgniter\Debug\Exceptions->errorHandler(8, 'Undefined varia...', 'C:\\xampp2\\htdoc...', 17, Array)
#1 C:\xampp2\htdocs\bsipkl\app\Views\templates\header.php(30): include('C:\\xampp2\\htdoc...')
#2 C:\xampp2\htdocs\bsipkl\system\View\View.php(210): include('C:\\xampp2\\htdoc...')
#3 C:\xampp2\htdocs\bsipkl\system\View\View.php(213): CodeIgniter\View\View->CodeIgniter\View\{closure}()
#4 C:\xampp2\htdocs\bsipkl\system\Common.php(1089): CodeIgniter\View\View->render('templates/heade...', Array, true)
#5 C:\xampp2\htdocs\bsipkl\app\Controllers\Home.php(14): view('templates/heade...')
#6 C:\xampp2\htdocs\bsipkl\app\Controllers\Home.php(9): App\Controllers\Home->page('welcome_message')
#7 C:\xampp2\htdocs\bsipkl\system\CodeIgniter.php(825): App\Controllers\Home->index()
#8 C:\xampp2\htdocs\bsipkl\system\CodeIgniter.php(412): CodeIgniter\CodeIgniter->runController(Object(App\Controllers\Home))
#9 C:\xampp2\htdocs\bsipkl\system\CodeIgniter.php(320): CodeIgniter\CodeIgniter->handleRequest(NULL, Object(Config\Cache), false)
#10 C:\xampp2\htdocs\bsipkl\public\index.php(37): CodeIgniter\CodeIgniter->run()
#11 C:\xampp2\htdocs\bsipkl\system\Commands\Server\rewrite.php(43): require_once('C:\\xampp2\\htdoc...')
#12 {main}
CRITICAL - 2022-02-26 09:13:57 --> Undefined variable: data
#0 C:\xampp2\htdocs\bsipkl\app\Views\templates\sidebar.php(17): CodeIgniter\Debug\Exceptions->errorHandler(8, 'Undefined varia...', 'C:\\xampp2\\htdoc...', 17, Array)
#1 C:\xampp2\htdocs\bsipkl\app\Views\templates\header.php(30): include('C:\\xampp2\\htdoc...')
#2 C:\xampp2\htdocs\bsipkl\system\View\View.php(210): include('C:\\xampp2\\htdoc...')
#3 C:\xampp2\htdocs\bsipkl\system\View\View.php(213): CodeIgniter\View\View->CodeIgniter\View\{closure}()
#4 C:\xampp2\htdocs\bsipkl\system\Common.php(1089): CodeIgniter\View\View->render('templates/heade...', Array, true)
#5 C:\xampp2\htdocs\bsipkl\app\Controllers\Home.php(14): view('templates/heade...')
#6 C:\xampp2\htdocs\bsipkl\app\Controllers\Home.php(9): App\Controllers\Home->page('welcome_message')
#7 C:\xampp2\htdocs\bsipkl\system\CodeIgniter.php(825): App\Controllers\Home->index()
#8 C:\xampp2\htdocs\bsipkl\system\CodeIgniter.php(412): CodeIgniter\CodeIgniter->runController(Object(App\Controllers\Home))
#9 C:\xampp2\htdocs\bsipkl\system\CodeIgniter.php(320): CodeIgniter\CodeIgniter->handleRequest(NULL, Object(Config\Cache), false)
#10 C:\xampp2\htdocs\bsipkl\public\index.php(37): CodeIgniter\CodeIgniter->run()
#11 C:\xampp2\htdocs\bsipkl\system\Commands\Server\rewrite.php(43): require_once('C:\\xampp2\\htdoc...')
#12 {main}
CRITICAL - 2022-02-26 09:14:59 --> Undefined variable: data
#0 C:\xampp2\htdocs\bsipkl\app\Views\templates\sidebar.php(17): CodeIgniter\Debug\Exceptions->errorHandler(8, 'Undefined varia...', 'C:\\xampp2\\htdoc...', 17, Array)
#1 C:\xampp2\htdocs\bsipkl\app\Views\templates\header.php(30): include('C:\\xampp2\\htdoc...')
#2 C:\xampp2\htdocs\bsipkl\system\View\View.php(210): include('C:\\xampp2\\htdoc...')
#3 C:\xampp2\htdocs\bsipkl\system\View\View.php(213): CodeIgniter\View\View->CodeIgniter\View\{closure}()
#4 C:\xampp2\htdocs\bsipkl\system\Common.php(1089): CodeIgniter\View\View->render('templates/heade...', Array, true)
#5 C:\xampp2\htdocs\bsipkl\app\Controllers\Home.php(14): view('templates/heade...')
#6 C:\xampp2\htdocs\bsipkl\app\Controllers\Home.php(9): App\Controllers\Home->page('welcome_message')
#7 C:\xampp2\htdocs\bsipkl\system\CodeIgniter.php(825): App\Controllers\Home->index()
#8 C:\xampp2\htdocs\bsipkl\system\CodeIgniter.php(412): CodeIgniter\CodeIgniter->runController(Object(App\Controllers\Home))
#9 C:\xampp2\htdocs\bsipkl\system\CodeIgniter.php(320): CodeIgniter\CodeIgniter->handleRequest(NULL, Object(Config\Cache), false)
#10 C:\xampp2\htdocs\bsipkl\public\index.php(37): CodeIgniter\CodeIgniter->run()
#11 C:\xampp2\htdocs\bsipkl\system\Commands\Server\rewrite.php(43): require_once('C:\\xampp2\\htdoc...')
#12 {main}
CRITICAL - 2022-02-26 09:15:33 --> Undefined variable: data
#0 C:\xampp2\htdocs\bsipkl\app\Views\templates\sidebar.php(17): CodeIgniter\Debug\Exceptions->errorHandler(8, 'Undefined varia...', 'C:\\xampp2\\htdoc...', 17, Array)
#1 C:\xampp2\htdocs\bsipkl\app\Views\templates\header.php(30): include('C:\\xampp2\\htdoc...')
#2 C:\xampp2\htdocs\bsipkl\system\View\View.php(210): include('C:\\xampp2\\htdoc...')
#3 C:\xampp2\htdocs\bsipkl\system\View\View.php(213): CodeIgniter\View\View->CodeIgniter\View\{closure}()
#4 C:\xampp2\htdocs\bsipkl\system\Common.php(1089): CodeIgniter\View\View->render('templates/heade...', Array, true)
#5 C:\xampp2\htdocs\bsipkl\app\Controllers\Home.php(14): view('templates/heade...')
#6 C:\xampp2\htdocs\bsipkl\app\Controllers\Home.php(9): App\Controllers\Home->page('welcome_message')
#7 C:\xampp2\htdocs\bsipkl\system\CodeIgniter.php(825): App\Controllers\Home->index()
#8 C:\xampp2\htdocs\bsipkl\system\CodeIgniter.php(412): CodeIgniter\CodeIgniter->runController(Object(App\Controllers\Home))
#9 C:\xampp2\htdocs\bsipkl\system\CodeIgniter.php(320): CodeIgniter\CodeIgniter->handleRequest(NULL, Object(Config\Cache), false)
#10 C:\xampp2\htdocs\bsipkl\public\index.php(37): CodeIgniter\CodeIgniter->run()
#11 C:\xampp2\htdocs\bsipkl\system\Commands\Server\rewrite.php(43): require_once('C:\\xampp2\\htdoc...')
#12 {main}
CRITICAL - 2022-02-26 09:15:34 --> Undefined variable: data
#0 C:\xampp2\htdocs\bsipkl\app\Views\templates\sidebar.php(17): CodeIgniter\Debug\Exceptions->errorHandler(8, 'Undefined varia...', 'C:\\xampp2\\htdoc...', 17, Array)
#1 C:\xampp2\htdocs\bsipkl\app\Views\templates\header.php(30): include('C:\\xampp2\\htdoc...')
#2 C:\xampp2\htdocs\bsipkl\system\View\View.php(210): include('C:\\xampp2\\htdoc...')
#3 C:\xampp2\htdocs\bsipkl\system\View\View.php(213): CodeIgniter\View\View->CodeIgniter\View\{closure}()
#4 C:\xampp2\htdocs\bsipkl\system\Common.php(1089): CodeIgniter\View\View->render('templates/heade...', Array, true)
#5 C:\xampp2\htdocs\bsipkl\app\Controllers\Home.php(14): view('templates/heade...')
#6 C:\xampp2\htdocs\bsipkl\app\Controllers\Home.php(9): App\Controllers\Home->page('welcome_message')
#7 C:\xampp2\htdocs\bsipkl\system\CodeIgniter.php(825): App\Controllers\Home->index()
#8 C:\xampp2\htdocs\bsipkl\system\CodeIgniter.php(412): CodeIgniter\CodeIgniter->runController(Object(App\Controllers\Home))
#9 C:\xampp2\htdocs\bsipkl\system\CodeIgniter.php(320): CodeIgniter\CodeIgniter->handleRequest(NULL, Object(Config\Cache), false)
#10 C:\xampp2\htdocs\bsipkl\public\index.php(37): CodeIgniter\CodeIgniter->run()
#11 C:\xampp2\htdocs\bsipkl\system\Commands\Server\rewrite.php(43): require_once('C:\\xampp2\\htdoc...')
#12 {main}
CRITICAL - 2022-02-26 09:15:45 --> Undefined variable: data
#0 C:\xampp2\htdocs\bsipkl\app\Views\templates\sidebar.php(17): CodeIgniter\Debug\Exceptions->errorHandler(8, 'Undefined varia...', 'C:\\xampp2\\htdoc...', 17, Array)
#1 C:\xampp2\htdocs\bsipkl\app\Views\templates\header.php(30): include('C:\\xampp2\\htdoc...')
#2 C:\xampp2\htdocs\bsipkl\system\View\View.php(210): include('C:\\xampp2\\htdoc...')
#3 C:\xampp2\htdocs\bsipkl\system\View\View.php(213): CodeIgniter\View\View->CodeIgniter\View\{closure}()
#4 C:\xampp2\htdocs\bsipkl\system\Common.php(1089): CodeIgniter\View\View->render('templates/heade...', Array, true)
#5 C:\xampp2\htdocs\bsipkl\app\Controllers\Home.php(14): view('templates/heade...')
#6 C:\xampp2\htdocs\bsipkl\app\Controllers\Home.php(9): App\Controllers\Home->page('welcome_message')
#7 C:\xampp2\htdocs\bsipkl\system\CodeIgniter.php(825): App\Controllers\Home->index()
#8 C:\xampp2\htdocs\bsipkl\system\CodeIgniter.php(412): CodeIgniter\CodeIgniter->runController(Object(App\Controllers\Home))
#9 C:\xampp2\htdocs\bsipkl\system\CodeIgniter.php(320): CodeIgniter\CodeIgniter->handleRequest(NULL, Object(Config\Cache), false)
#10 C:\xampp2\htdocs\bsipkl\public\index.php(37): CodeIgniter\CodeIgniter->run()
#11 C:\xampp2\htdocs\bsipkl\system\Commands\Server\rewrite.php(43): require_once('C:\\xampp2\\htdoc...')
#12 {main}
CRITICAL - 2022-02-26 09:16:01 --> Undefined variable: data
#0 C:\xampp2\htdocs\bsipkl\app\Views\templates\sidebar.php(17): CodeIgniter\Debug\Exceptions->errorHandler(8, 'Undefined varia...', 'C:\\xampp2\\htdoc...', 17, Array)
#1 C:\xampp2\htdocs\bsipkl\app\Views\templates\header.php(30): include('C:\\xampp2\\htdoc...')
#2 C:\xampp2\htdocs\bsipkl\system\View\View.php(210): include('C:\\xampp2\\htdoc...')
#3 C:\xampp2\htdocs\bsipkl\system\View\View.php(213): CodeIgniter\View\View->CodeIgniter\View\{closure}()
#4 C:\xampp2\htdocs\bsipkl\system\Common.php(1089): CodeIgniter\View\View->render('templates/heade...', Array, true)
#5 C:\xampp2\htdocs\bsipkl\app\Controllers\Home.php(14): view('templates/heade...')
#6 C:\xampp2\htdocs\bsipkl\app\Controllers\Home.php(9): App\Controllers\Home->page('welcome_message')
#7 C:\xampp2\htdocs\bsipkl\system\CodeIgniter.php(825): App\Controllers\Home->index()
#8 C:\xampp2\htdocs\bsipkl\system\CodeIgniter.php(412): CodeIgniter\CodeIgniter->runController(Object(App\Controllers\Home))
#9 C:\xampp2\htdocs\bsipkl\system\CodeIgniter.php(320): CodeIgniter\CodeIgniter->handleRequest(NULL, Object(Config\Cache), false)
#10 C:\xampp2\htdocs\bsipkl\public\index.php(37): CodeIgniter\CodeIgniter->run()
#11 C:\xampp2\htdocs\bsipkl\system\Commands\Server\rewrite.php(43): require_once('C:\\xampp2\\htdoc...')
#12 {main}
CRITICAL - 2022-02-26 09:16:08 --> Undefined variable: data
#0 C:\xampp2\htdocs\bsipkl\app\Views\templates\sidebar.php(17): CodeIgniter\Debug\Exceptions->errorHandler(8, 'Undefined varia...', 'C:\\xampp2\\htdoc...', 17, Array)
#1 C:\xampp2\htdocs\bsipkl\app\Views\templates\header.php(30): include('C:\\xampp2\\htdoc...')
#2 C:\xampp2\htdocs\bsipkl\system\View\View.php(210): include('C:\\xampp2\\htdoc...')
#3 C:\xampp2\htdocs\bsipkl\system\View\View.php(213): CodeIgniter\View\View->CodeIgniter\View\{closure}()
#4 C:\xampp2\htdocs\bsipkl\system\Common.php(1089): CodeIgniter\View\View->render('templates/heade...', Array, true)
#5 C:\xampp2\htdocs\bsipkl\app\Controllers\Home.php(14): view('templates/heade...')
#6 C:\xampp2\htdocs\bsipkl\app\Controllers\Home.php(9): App\Controllers\Home->page('welcome_message')
#7 C:\xampp2\htdocs\bsipkl\system\CodeIgniter.php(825): App\Controllers\Home->index()
#8 C:\xampp2\htdocs\bsipkl\system\CodeIgniter.php(412): CodeIgniter\CodeIgniter->runController(Object(App\Controllers\Home))
#9 C:\xampp2\htdocs\bsipkl\system\CodeIgniter.php(320): CodeIgniter\CodeIgniter->handleRequest(NULL, Object(Config\Cache), false)
#10 C:\xampp2\htdocs\bsipkl\public\index.php(37): CodeIgniter\CodeIgniter->run()
#11 C:\xampp2\htdocs\bsipkl\system\Commands\Server\rewrite.php(43): require_once('C:\\xampp2\\htdoc...')
#12 {main}
CRITICAL - 2022-02-26 09:17:36 --> Undefined variable: data
#0 C:\xampp2\htdocs\bsipkl\app\Views\templates\sidebar.php(17): CodeIgniter\Debug\Exceptions->errorHandler(8, 'Undefined varia...', 'C:\\xampp2\\htdoc...', 17, Array)
#1 C:\xampp2\htdocs\bsipkl\app\Views\templates\header.php(30): include('C:\\xampp2\\htdoc...')
#2 C:\xampp2\htdocs\bsipkl\system\View\View.php(210): include('C:\\xampp2\\htdoc...')
#3 C:\xampp2\htdocs\bsipkl\system\View\View.php(213): CodeIgniter\View\View->CodeIgniter\View\{closure}()
#4 C:\xampp2\htdocs\bsipkl\system\Common.php(1089): CodeIgniter\View\View->render('templates/heade...', Array, true)
#5 C:\xampp2\htdocs\bsipkl\app\Controllers\Home.php(14): view('templates/heade...')
#6 C:\xampp2\htdocs\bsipkl\app\Controllers\Home.php(9): App\Controllers\Home->page('welcome_message')
#7 C:\xampp2\htdocs\bsipkl\system\CodeIgniter.php(825): App\Controllers\Home->index()
#8 C:\xampp2\htdocs\bsipkl\system\CodeIgniter.php(412): CodeIgniter\CodeIgniter->runController(Object(App\Controllers\Home))
#9 C:\xampp2\htdocs\bsipkl\system\CodeIgniter.php(320): CodeIgniter\CodeIgniter->handleRequest(NULL, Object(Config\Cache), false)
#10 C:\xampp2\htdocs\bsipkl\public\index.php(37): CodeIgniter\CodeIgniter->run()
#11 C:\xampp2\htdocs\bsipkl\system\Commands\Server\rewrite.php(43): require_once('C:\\xampp2\\htdoc...')
#12 {main}
CRITICAL - 2022-02-26 09:18:23 --> Undefined variable: data
#0 C:\xampp2\htdocs\bsipkl\app\Views\templates\sidebar.php(17): CodeIgniter\Debug\Exceptions->errorHandler(8, 'Undefined varia...', 'C:\\xampp2\\htdoc...', 17, Array)
#1 C:\xampp2\htdocs\bsipkl\app\Views\templates\header.php(30): include('C:\\xampp2\\htdoc...')
#2 C:\xampp2\htdocs\bsipkl\system\View\View.php(210): include('C:\\xampp2\\htdoc...')
#3 C:\xampp2\htdocs\bsipkl\system\View\View.php(213): CodeIgniter\View\View->CodeIgniter\View\{closure}()
#4 C:\xampp2\htdocs\bsipkl\system\Common.php(1089): CodeIgniter\View\View->render('templates/heade...', Array, true)
#5 C:\xampp2\htdocs\bsipkl\app\Controllers\Home.php(14): view('templates/heade...')
#6 C:\xampp2\htdocs\bsipkl\app\Controllers\Home.php(9): App\Controllers\Home->page('welcome_message')
#7 C:\xampp2\htdocs\bsipkl\system\CodeIgniter.php(825): App\Controllers\Home->index()
#8 C:\xampp2\htdocs\bsipkl\system\CodeIgniter.php(412): CodeIgniter\CodeIgniter->runController(Object(App\Controllers\Home))
#9 C:\xampp2\htdocs\bsipkl\system\CodeIgniter.php(320): CodeIgniter\CodeIgniter->handleRequest(NULL, Object(Config\Cache), false)
#10 C:\xampp2\htdocs\bsipkl\public\index.php(37): CodeIgniter\CodeIgniter->run()
#11 C:\xampp2\htdocs\bsipkl\system\Commands\Server\rewrite.php(43): require_once('C:\\xampp2\\htdoc...')
#12 {main}
CRITICAL - 2022-02-26 09:18:36 --> Undefined variable: data
#0 C:\xampp2\htdocs\bsipkl\app\Views\templates\sidebar.php(17): CodeIgniter\Debug\Exceptions->errorHandler(8, 'Undefined varia...', 'C:\\xampp2\\htdoc...', 17, Array)
#1 C:\xampp2\htdocs\bsipkl\app\Views\templates\header.php(30): include('C:\\xampp2\\htdoc...')
#2 C:\xampp2\htdocs\bsipkl\system\View\View.php(210): include('C:\\xampp2\\htdoc...')
#3 C:\xampp2\htdocs\bsipkl\system\View\View.php(213): CodeIgniter\View\View->CodeIgniter\View\{closure}()
#4 C:\xampp2\htdocs\bsipkl\system\Common.php(1089): CodeIgniter\View\View->render('templates/heade...', Array, true)
#5 C:\xampp2\htdocs\bsipkl\app\Controllers\Home.php(14): view('templates/heade...')
#6 C:\xampp2\htdocs\bsipkl\app\Controllers\Home.php(9): App\Controllers\Home->page('welcome_message')
#7 C:\xampp2\htdocs\bsipkl\system\CodeIgniter.php(825): App\Controllers\Home->index()
#8 C:\xampp2\htdocs\bsipkl\system\CodeIgniter.php(412): CodeIgniter\CodeIgniter->runController(Object(App\Controllers\Home))
#9 C:\xampp2\htdocs\bsipkl\system\CodeIgniter.php(320): CodeIgniter\CodeIgniter->handleRequest(NULL, Object(Config\Cache), false)
#10 C:\xampp2\htdocs\bsipkl\public\index.php(37): CodeIgniter\CodeIgniter->run()
#11 C:\xampp2\htdocs\bsipkl\system\Commands\Server\rewrite.php(43): require_once('C:\\xampp2\\htdoc...')
#12 {main}
CRITICAL - 2022-02-26 09:19:24 --> Invalid file: dasboard.php
#0 C:\xampp2\htdocs\bsipkl\system\View\View.php(198): CodeIgniter\Exceptions\FrameworkException::forInvalidFile('dasboard.php')
#1 C:\xampp2\htdocs\bsipkl\system\Common.php(1089): CodeIgniter\View\View->render('dasboard', Array, true)
#2 C:\xampp2\htdocs\bsipkl\app\Controllers\Page.php(59): view('dasboard', Array)
#3 C:\xampp2\htdocs\bsipkl\app\Controllers\Page.php(25): App\Controllers\Page->page('dasboard')
#4 C:\xampp2\htdocs\bsipkl\system\CodeIgniter.php(825): App\Controllers\Page->index()
#5 C:\xampp2\htdocs\bsipkl\system\CodeIgniter.php(412): CodeIgniter\CodeIgniter->runController(Object(App\Controllers\Page))
#6 C:\xampp2\htdocs\bsipkl\system\CodeIgniter.php(320): CodeIgniter\CodeIgniter->handleRequest(NULL, Object(Config\Cache), false)
#7 C:\xampp2\htdocs\bsipkl\public\index.php(37): CodeIgniter\CodeIgniter->run()
#8 C:\xampp2\htdocs\bsipkl\system\Commands\Server\rewrite.php(43): require_once('C:\\xampp2\\htdoc...')
#9 {main}
CRITICAL - 2022-02-26 09:47:06 --> Invalid file: daftar_rekening.php
#0 C:\xampp2\htdocs\bsipkl\system\View\View.php(198): CodeIgniter\Exceptions\FrameworkException::forInvalidFile('daftar_rekening...')
#1 C:\xampp2\htdocs\bsipkl\system\Common.php(1089): CodeIgniter\View\View->render('daftar_rekening', Array, true)
#2 C:\xampp2\htdocs\bsipkl\app\Controllers\Page.php(57): view('daftar_rekening', Array)
#3 C:\xampp2\htdocs\bsipkl\app\Controllers\Page.php(49): App\Controllers\Page->page('daftar_rekening')
#4 C:\xampp2\htdocs\bsipkl\system\CodeIgniter.php(825): App\Controllers\Page->daftar_rekening()
#5 C:\xampp2\htdocs\bsipkl\system\CodeIgniter.php(412): CodeIgniter\CodeIgniter->runController(Object(App\Controllers\Page))
#6 C:\xampp2\htdocs\bsipkl\system\CodeIgniter.php(320): CodeIgniter\CodeIgniter->handleRequest(NULL, Object(Config\Cache), false)
#7 C:\xampp2\htdocs\bsipkl\public\index.php(37): CodeIgniter\CodeIgniter->run()
#8 C:\xampp2\htdocs\bsipkl\system\Commands\Server\rewrite.php(43): require_once('C:\\xampp2\\htdoc...')
#9 {main}
