CRITICAL - 2022-03-03 10:26:17 --> Invalid file: pages/beban.php
#0 C:\xampp2\htdocs\bsipkl\system\View\View.php(198): CodeIgniter\Exceptions\FrameworkException::forInvalidFile('pages/beban.php')
#1 C:\xampp2\htdocs\bsipkl\system\Common.php(1089): CodeIgniter\View\View->render('pages/beban', Array, true)
#2 C:\xampp2\htdocs\bsipkl\app\Controllers\BaseController.php(78): view('pages/beban', Array)
#3 C:\xampp2\htdocs\bsipkl\app\Controllers\Beban.php(8): App\Controllers\BaseController->page('beban')
#4 C:\xampp2\htdocs\bsipkl\system\CodeIgniter.php(825): App\Controllers\Beban->index()
#5 C:\xampp2\htdocs\bsipkl\system\CodeIgniter.php(412): CodeIgniter\CodeIgniter->runController(Object(App\Controllers\Beban))
#6 C:\xampp2\htdocs\bsipkl\system\CodeIgniter.php(320): CodeIgniter\CodeIgniter->handleRequest(NULL, Object(Config\Cache), false)
#7 C:\xampp2\htdocs\bsipkl\public\index.php(37): CodeIgniter\CodeIgniter->run()
#8 C:\xampp2\htdocs\bsipkl\system\Commands\Server\rewrite.php(43): require_once('C:\\xampp2\\htdoc...')
#9 {main}
CRITICAL - 2022-03-03 10:26:26 --> Invalid file: pages/beban.php
#0 C:\xampp2\htdocs\bsipkl\system\View\View.php(198): CodeIgniter\Exceptions\FrameworkException::forInvalidFile('pages/beban.php')
#1 C:\xampp2\htdocs\bsipkl\system\Common.php(1089): CodeIgniter\View\View->render('pages/beban', Array, true)
#2 C:\xampp2\htdocs\bsipkl\app\Controllers\BaseController.php(78): view('pages/beban', Array)
#3 C:\xampp2\htdocs\bsipkl\app\Controllers\Beban.php(8): App\Controllers\BaseController->page('beban')
#4 C:\xampp2\htdocs\bsipkl\system\CodeIgniter.php(825): App\Controllers\Beban->index()
#5 C:\xampp2\htdocs\bsipkl\system\CodeIgniter.php(412): CodeIgniter\CodeIgniter->runController(Object(App\Controllers\Beban))
#6 C:\xampp2\htdocs\bsipkl\system\CodeIgniter.php(320): CodeIgniter\CodeIgniter->handleRequest(NULL, Object(Config\Cache), false)
#7 C:\xampp2\htdocs\bsipkl\public\index.php(37): CodeIgniter\CodeIgniter->run()
#8 C:\xampp2\htdocs\bsipkl\system\Commands\Server\rewrite.php(43): require_once('C:\\xampp2\\htdoc...')
#9 {main}
CRITICAL - 2022-03-03 10:47:46 --> Undefined offset: -1
#0 C:\xampp2\htdocs\bsipkl\app\Views\templates\sidebar.php(27): CodeIgniter\Debug\Exceptions->errorHandler(8, 'Undefined offse...', 'C:\\xampp2\\htdoc...', 27, Array)
#1 C:\xampp2\htdocs\bsipkl\app\Views\templates\header.php(35): include('C:\\xampp2\\htdoc...')
#2 C:\xampp2\htdocs\bsipkl\system\View\View.php(210): include('C:\\xampp2\\htdoc...')
#3 C:\xampp2\htdocs\bsipkl\system\View\View.php(213): CodeIgniter\View\View->CodeIgniter\View\{closure}()
#4 C:\xampp2\htdocs\bsipkl\system\Common.php(1089): CodeIgniter\View\View->render('templates/heade...', Array, true)
#5 C:\xampp2\htdocs\bsipkl\app\Controllers\BaseController.php(77): view('templates/heade...', Array)
#6 C:\xampp2\htdocs\bsipkl\app\Controllers\Rekening.php(8): App\Controllers\BaseController->page('daftar_rekening')
#7 C:\xampp2\htdocs\bsipkl\system\CodeIgniter.php(825): App\Controllers\Rekening->index()
#8 C:\xampp2\htdocs\bsipkl\system\CodeIgniter.php(412): CodeIgniter\CodeIgniter->runController(Object(App\Controllers\Rekening))
#9 C:\xampp2\htdocs\bsipkl\system\CodeIgniter.php(320): CodeIgniter\CodeIgniter->handleRequest(NULL, Object(Config\Cache), false)
#10 C:\xampp2\htdocs\bsipkl\public\index.php(37): CodeIgniter\CodeIgniter->run()
#11 C:\xampp2\htdocs\bsipkl\system\Commands\Server\rewrite.php(43): require_once('C:\\xampp2\\htdoc...')
#12 {main}
CRITICAL - 2022-03-03 10:48:23 --> Only variables should be passed by reference
#0 C:\xampp2\htdocs\bsipkl\app\Views\templates\sidebar.php(27): CodeIgniter\Debug\Exceptions->errorHandler(8, 'Only variables ...', 'C:\\xampp2\\htdoc...', 27, Array)
#1 C:\xampp2\htdocs\bsipkl\app\Views\templates\header.php(35): include('C:\\xampp2\\htdoc...')
#2 C:\xampp2\htdocs\bsipkl\system\View\View.php(210): include('C:\\xampp2\\htdoc...')
#3 C:\xampp2\htdocs\bsipkl\system\View\View.php(213): CodeIgniter\View\View->CodeIgniter\View\{closure}()
#4 C:\xampp2\htdocs\bsipkl\system\Common.php(1089): CodeIgniter\View\View->render('templates/heade...', Array, true)
#5 C:\xampp2\htdocs\bsipkl\app\Controllers\BaseController.php(77): view('templates/heade...', Array)
#6 C:\xampp2\htdocs\bsipkl\app\Controllers\Rekening.php(8): App\Controllers\BaseController->page('daftar_rekening')
#7 C:\xampp2\htdocs\bsipkl\system\CodeIgniter.php(825): App\Controllers\Rekening->index()
#8 C:\xampp2\htdocs\bsipkl\system\CodeIgniter.php(412): CodeIgniter\CodeIgniter->runController(Object(App\Controllers\Rekening))
#9 C:\xampp2\htdocs\bsipkl\system\CodeIgniter.php(320): CodeIgniter\CodeIgniter->handleRequest(NULL, Object(Config\Cache), false)
#10 C:\xampp2\htdocs\bsipkl\public\index.php(37): CodeIgniter\CodeIgniter->run()
#11 C:\xampp2\htdocs\bsipkl\system\Commands\Server\rewrite.php(43): require_once('C:\\xampp2\\htdoc...')
#12 {main}
CRITICAL - 2022-03-03 10:49:19 --> Only variables should be passed by reference
#0 C:\xampp2\htdocs\bsipkl\app\Views\templates\sidebar.php(26): CodeIgniter\Debug\Exceptions->errorHandler(8, 'Only variables ...', 'C:\\xampp2\\htdoc...', 26, Array)
#1 C:\xampp2\htdocs\bsipkl\app\Views\templates\header.php(35): include('C:\\xampp2\\htdoc...')
#2 C:\xampp2\htdocs\bsipkl\system\View\View.php(210): include('C:\\xampp2\\htdoc...')
#3 C:\xampp2\htdocs\bsipkl\system\View\View.php(213): CodeIgniter\View\View->CodeIgniter\View\{closure}()
#4 C:\xampp2\htdocs\bsipkl\system\Common.php(1089): CodeIgniter\View\View->render('templates/heade...', Array, true)
#5 C:\xampp2\htdocs\bsipkl\app\Controllers\BaseController.php(77): view('templates/heade...', Array)
#6 C:\xampp2\htdocs\bsipkl\app\Controllers\Rekening.php(8): App\Controllers\BaseController->page('daftar_rekening')
#7 C:\xampp2\htdocs\bsipkl\system\CodeIgniter.php(825): App\Controllers\Rekening->index()
#8 C:\xampp2\htdocs\bsipkl\system\CodeIgniter.php(412): CodeIgniter\CodeIgniter->runController(Object(App\Controllers\Rekening))
#9 C:\xampp2\htdocs\bsipkl\system\CodeIgniter.php(320): CodeIgniter\CodeIgniter->handleRequest(NULL, Object(Config\Cache), false)
#10 C:\xampp2\htdocs\bsipkl\public\index.php(37): CodeIgniter\CodeIgniter->run()
#11 C:\xampp2\htdocs\bsipkl\system\Commands\Server\rewrite.php(43): require_once('C:\\xampp2\\htdoc...')
#12 {main}
CRITICAL - 2022-03-03 10:49:58 --> Only variables should be passed by reference
#0 C:\xampp2\htdocs\bsipkl\app\Views\templates\sidebar.php(26): CodeIgniter\Debug\Exceptions->errorHandler(8, 'Only variables ...', 'C:\\xampp2\\htdoc...', 26, Array)
#1 C:\xampp2\htdocs\bsipkl\app\Views\templates\header.php(35): include('C:\\xampp2\\htdoc...')
#2 C:\xampp2\htdocs\bsipkl\system\View\View.php(210): include('C:\\xampp2\\htdoc...')
#3 C:\xampp2\htdocs\bsipkl\system\View\View.php(213): CodeIgniter\View\View->CodeIgniter\View\{closure}()
#4 C:\xampp2\htdocs\bsipkl\system\Common.php(1089): CodeIgniter\View\View->render('templates/heade...', Array, true)
#5 C:\xampp2\htdocs\bsipkl\app\Controllers\BaseController.php(77): view('templates/heade...', Array)
#6 C:\xampp2\htdocs\bsipkl\app\Controllers\Rekening.php(8): App\Controllers\BaseController->page('daftar_rekening')
#7 C:\xampp2\htdocs\bsipkl\system\CodeIgniter.php(825): App\Controllers\Rekening->index()
#8 C:\xampp2\htdocs\bsipkl\system\CodeIgniter.php(412): CodeIgniter\CodeIgniter->runController(Object(App\Controllers\Rekening))
#9 C:\xampp2\htdocs\bsipkl\system\CodeIgniter.php(320): CodeIgniter\CodeIgniter->handleRequest(NULL, Object(Config\Cache), false)
#10 C:\xampp2\htdocs\bsipkl\public\index.php(37): CodeIgniter\CodeIgniter->run()
#11 C:\xampp2\htdocs\bsipkl\system\Commands\Server\rewrite.php(43): require_once('C:\\xampp2\\htdoc...')
#12 {main}
CRITICAL - 2022-03-03 10:51:33 --> Only variables should be passed by reference
#0 C:\xampp2\htdocs\bsipkl\app\Views\templates\sidebar.php(26): CodeIgniter\Debug\Exceptions->errorHandler(8, 'Only variables ...', 'C:\\xampp2\\htdoc...', 26, Array)
#1 C:\xampp2\htdocs\bsipkl\app\Views\templates\header.php(35): include('C:\\xampp2\\htdoc...')
#2 C:\xampp2\htdocs\bsipkl\system\View\View.php(210): include('C:\\xampp2\\htdoc...')
#3 C:\xampp2\htdocs\bsipkl\system\View\View.php(213): CodeIgniter\View\View->CodeIgniter\View\{closure}()
#4 C:\xampp2\htdocs\bsipkl\system\Common.php(1089): CodeIgniter\View\View->render('templates/heade...', Array, true)
#5 C:\xampp2\htdocs\bsipkl\app\Controllers\BaseController.php(77): view('templates/heade...', Array)
#6 C:\xampp2\htdocs\bsipkl\app\Controllers\Rekening.php(8): App\Controllers\BaseController->page('daftar_rekening')
#7 C:\xampp2\htdocs\bsipkl\system\CodeIgniter.php(825): App\Controllers\Rekening->index()
#8 C:\xampp2\htdocs\bsipkl\system\CodeIgniter.php(412): CodeIgniter\CodeIgniter->runController(Object(App\Controllers\Rekening))
#9 C:\xampp2\htdocs\bsipkl\system\CodeIgniter.php(320): CodeIgniter\CodeIgniter->handleRequest(NULL, Object(Config\Cache), false)
#10 C:\xampp2\htdocs\bsipkl\public\index.php(37): CodeIgniter\CodeIgniter->run()
#11 C:\xampp2\htdocs\bsipkl\system\Commands\Server\rewrite.php(43): require_once('C:\\xampp2\\htdoc...')
#12 {main}
